{"/home/ap0l1js/Documents/ig/react/projects/feedin/src/App.tsx": {"path":"/home/ap0l1js/Documents/ig/react/projects/feedin/src/App.tsx","statementMap":{"0":{"start":{"line":2,"column":2},"end":{"line":2,"column":24}},"1":{"start":{"line":1,"column":0},"end":{"line":1,"column":16}}},"fnMap":{"0":{"name":"App","decl":{"start":{"line":1,"column":16},"end":{"line":1,"column":19}},"loc":{"start":{"line":1,"column":19},"end":{"line":3,"column":1}}}},"branchMap":{},"s":{"0":1,"1":1},"f":{"0":1},"b":{}}
,"/home/ap0l1js/Documents/ig/react/projects/feedin/src/main.tsx": {"path":"/home/ap0l1js/Documents/ig/react/projects/feedin/src/main.tsx","statementMap":{"0":{"start":{"line":1,"column":0},"end":{"line":1,"column":26}},"1":{"start":{"line":2,"column":0},"end":{"line":2,"column":40}},"2":{"start":{"line":3,"column":0},"end":{"line":3,"column":28}},"3":{"start":{"line":5,"column":0},"end":{"line":9,"column":2}}},"fnMap":{},"branchMap":{},"s":{"0":0,"1":0,"2":0,"3":0},"f":{},"b":{}}
,"/home/ap0l1js/Documents/ig/react/projects/feedin/src/vite-env.d.ts": {"path":"/home/ap0l1js/Documents/ig/react/projects/feedin/src/vite-env.d.ts","statementMap":{},"fnMap":{},"branchMap":{},"s":{},"f":{},"b":{}}
}
